{
  "rspec": {
    "coverage": {
      "/home/runner/work/Team3_SELT2020/Team3_SELT2020/app/helpers/application_helper.rb": {
        "lines": [
          1,
          null
        ]
      },
      "/home/runner/work/Team3_SELT2020/Team3_SELT2020/app/helpers/rooms_helper.rb": {
        "lines": [
          1,
          null
        ]
      },
      "/home/runner/work/Team3_SELT2020/Team3_SELT2020/app/helpers/user_sessions_helper.rb": {
        "lines": [
          1,
          null
        ]
      },
      "/home/runner/work/Team3_SELT2020/Team3_SELT2020/app/helpers/users_helper.rb": {
        "lines": [
          1,
          null
        ]
      },
      "/home/runner/work/Team3_SELT2020/Team3_SELT2020/app/controllers/piles_controller.rb": {
        "lines": [
          1,
          1,
          1,
          null,
          1,
          9,
          null,
          null,
          1,
          0,
          null,
          null,
          1,
          1,
          null,
          null,
          1,
          null,
          null,
          1,
          null,
          1,
          1,
          null,
          null,
          1,
          1,
          1,
          1,
          null,
          null,
          null,
          null,
          1,
          2,
          2,
          null,
          null,
          1,
          1,
          1,
          1,
          1,
          0,
          null,
          1,
          1,
          1,
          3,
          null,
          1,
          1,
          1,
          1,
          null,
          1,
          null,
          null,
          0,
          null,
          null,
          null,
          1,
          null,
          5,
          4,
          null,
          2,
          null,
          3,
          1,
          null,
          2,
          null,
          null,
          1,
          1,
          1,
          null,
          null,
          1,
          1,
          1,
          1,
          null,
          null,
          1,
          3,
          3,
          3,
          1,
          null,
          2,
          1,
          null,
          1,
          1,
          null,
          null,
          null
        ]
      },
      "/home/runner/work/Team3_SELT2020/Team3_SELT2020/app/controllers/application_controller.rb": {
        "lines": [
          1,
          null,
          null,
          1,
          null,
          1,
          null,
          1,
          55,
          55,
          55,
          null,
          null,
          1,
          7,
          null,
          null
        ]
      },
      "/home/runner/work/Team3_SELT2020/Team3_SELT2020/app/controllers/rooms_controller.rb": {
        "lines": [
          1,
          1,
          1,
          null,
          null,
          1,
          16,
          null,
          null,
          null,
          null,
          16,
          16,
          16,
          16,
          16,
          16,
          16,
          null,
          null,
          null,
          null,
          null,
          null,
          null,
          null,
          null,
          null,
          null,
          null,
          null,
          null,
          null,
          null,
          null,
          null,
          null,
          null,
          null,
          null,
          null,
          null,
          null,
          null,
          null,
          null,
          null,
          null,
          null,
          null,
          null,
          null,
          null,
          null,
          null,
          null,
          null,
          null,
          null,
          null,
          null,
          null,
          null,
          null,
          null,
          null,
          null,
          null,
          null,
          null,
          16,
          null,
          176,
          null,
          null,
          16,
          16,
          16,
          null,
          null,
          1,
          2,
          2,
          2,
          2,
          2,
          2,
          2,
          24,
          20,
          null,
          null,
          null,
          2,
          2,
          2,
          2,
          2,
          null,
          2,
          2,
          null,
          null,
          1,
          null,
          null,
          1,
          null,
          16,
          14,
          14,
          7,
          7,
          null,
          7,
          4,
          4,
          4,
          4,
          4,
          4,
          null,
          3,
          3,
          null,
          2,
          2,
          2,
          null,
          null,
          null,
          1,
          4,
          4,
          4,
          4,
          3,
          3,
          3,
          null,
          1,
          1,
          1,
          null,
          null,
          null,
          1,
          null,
          1,
          4,
          104,
          26,
          null,
          78,
          null,
          104,
          104,
          null,
          null,
          null,
          1,
          104,
          null,
          8,
          null,
          8,
          null,
          8,
          null,
          8,
          null,
          8,
          null,
          8,
          null,
          8,
          null,
          8,
          null,
          8,
          null,
          8,
          null,
          8,
          null,
          8,
          null,
          8,
          null,
          null,
          null
        ]
      },
      "/home/runner/work/Team3_SELT2020/Team3_SELT2020/app/controllers/user_sessions_controller.rb": {
        "lines": [
          1,
          1,
          16,
          null,
          null,
          1,
          1,
          null,
          null,
          1,
          0,
          null,
          null,
          1,
          4,
          null,
          null,
          4,
          4,
          3,
          3,
          null,
          3,
          null,
          null,
          1,
          null,
          null,
          1,
          1,
          null,
          1,
          null,
          null
        ]
      },
      "/home/runner/work/Team3_SELT2020/Team3_SELT2020/app/controllers/users_controller.rb": {
        "lines": [
          1,
          1,
          4,
          null,
          null,
          1,
          null,
          4,
          null,
          3,
          6,
          3,
          3,
          null,
          1,
          null,
          null,
          null
        ]
      },
      "/home/runner/work/Team3_SELT2020/Team3_SELT2020/app/jobs/lobby_update_job.rb": {
        "lines": [
          1,
          1,
          null,
          1,
          null,
          null,
          null,
          74,
          null,
          null
        ]
      },
      "/home/runner/work/Team3_SELT2020/Team3_SELT2020/app/jobs/application_job.rb": {
        "lines": [
          1,
          null
        ]
      },
      "/home/runner/work/Team3_SELT2020/Team3_SELT2020/app/models/pile.rb": {
        "lines": [
          1,
          1,
          1,
          1,
          null,
          1,
          74,
          null,
          null,
          1,
          2,
          2,
          2,
          2,
          2,
          2,
          2,
          null,
          null,
          null
        ]
      },
      "/home/runner/work/Team3_SELT2020/Team3_SELT2020/app/models/room.rb": {
        "lines": [
          1,
          1,
          1,
          1,
          30,
          5,
          null,
          null,
          null,
          1,
          26,
          26,
          null,
          null,
          null,
          null
        ]
      },
      "/home/runner/work/Team3_SELT2020/Team3_SELT2020/app/models/user.rb": {
        "lines": [
          null,
          1,
          1,
          null,
          null,
          null,
          null,
          null,
          1,
          59,
          1,
          1,
          1,
          1,
          1,
          null,
          null,
          1,
          1,
          23,
          null,
          null,
          1,
          33,
          null,
          null,
          33,
          null,
          null,
          null,
          null
        ]
      },
      "/home/runner/work/Team3_SELT2020/Team3_SELT2020/app/models/card.rb": {
        "lines": [
          1,
          1,
          null
        ]
      },
      "/home/runner/work/Team3_SELT2020/Team3_SELT2020/app/models/application_record.rb": {
        "lines": [
          0,
          0,
          0
        ],
        "branches": {
        }
      },
      "/home/runner/work/Team3_SELT2020/Team3_SELT2020/app/mailers/application_mailer.rb": {
        "lines": [
          0,
          0,
          0,
          0
        ],
        "branches": {
        }
      },
      "/home/runner/work/Team3_SELT2020/Team3_SELT2020/app/channels/lobby_channel.rb": {
        "lines": [
          0,
          0,
          0,
          0,
          0,
          null,
          0,
          null,
          0,
          0,
          null,
          null,
          0,
          0,
          0,
          0,
          0,
          0,
          null,
          0,
          0,
          0,
          0,
          0,
          0,
          0
        ],
        "branches": {
        }
      },
      "/home/runner/work/Team3_SELT2020/Team3_SELT2020/app/channels/application_cable/connection.rb": {
        "lines": [
          0,
          0,
          0,
          null,
          0,
          0,
          0,
          null,
          0,
          0,
          0,
          0,
          0,
          0,
          0,
          0,
          0,
          0
        ],
        "branches": {
        }
      },
      "/home/runner/work/Team3_SELT2020/Team3_SELT2020/app/channels/application_cable/channel.rb": {
        "lines": [
          0,
          0,
          0,
          0
        ],
        "branches": {
        }
      }
    },
    "timestamp": 1607836507
  },
  "minitest": {
    "coverage": {
      "/home/runner/work/Team3_SELT2020/Team3_SELT2020/app/channels/lobby_channel.rb": {
        "lines": [
          1,
          1,
          4,
          4,
          null,
          null,
          1,
          null,
          null,
          1,
          null,
          null,
          0,
          null,
          null,
          1,
          4,
          null,
          null,
          1,
          null,
          0,
          null,
          null,
          null,
          null
        ]
      },
      "/home/runner/work/Team3_SELT2020/Team3_SELT2020/app/channels/application_cable/channel.rb": {
        "lines": [
          1,
          1,
          null,
          null
        ]
      },
      "/home/runner/work/Team3_SELT2020/Team3_SELT2020/app/models/user.rb": {
        "lines": [
          null,
          1,
          1,
          null,
          null,
          null,
          null,
          null,
          1,
          2,
          1,
          1,
          1,
          1,
          1,
          null,
          null,
          1,
          1,
          1,
          null,
          null,
          1,
          1,
          null,
          null,
          1,
          null,
          null,
          null,
          null
        ]
      },
      "/home/runner/work/Team3_SELT2020/Team3_SELT2020/app/channels/application_cable/connection.rb": {
        "lines": [
          1,
          1,
          1,
          null,
          1,
          2,
          null,
          null,
          1,
          1,
          2,
          1,
          null,
          1,
          null,
          null,
          null,
          null
        ]
      },
      "/home/runner/work/Team3_SELT2020/Team3_SELT2020/app/jobs/lobby_update_job.rb": {
        "lines": [
          1,
          1,
          null,
          1,
          null,
          null,
          null,
          1,
          null,
          null
        ]
      },
      "/home/runner/work/Team3_SELT2020/Team3_SELT2020/app/jobs/application_job.rb": {
        "lines": [
          1,
          null
        ]
      },
      "/home/runner/work/Team3_SELT2020/Team3_SELT2020/app/models/application_record.rb": {
        "lines": [
          0,
          0,
          0
        ],
        "branches": {
        }
      },
      "/home/runner/work/Team3_SELT2020/Team3_SELT2020/app/models/card.rb": {
        "lines": [
          0,
          0,
          0
        ],
        "branches": {
        }
      },
      "/home/runner/work/Team3_SELT2020/Team3_SELT2020/app/models/room.rb": {
        "lines": [
          0,
          0,
          0,
          0,
          0,
          0,
          0,
          0,
          null,
          0,
          0,
          0,
          0,
          null,
          null,
          0
        ],
        "branches": {
        }
      },
      "/home/runner/work/Team3_SELT2020/Team3_SELT2020/app/models/pile.rb": {
        "lines": [
          0,
          0,
          0,
          0,
          null,
          0,
          0,
          0,
          null,
          0,
          0,
          0,
          0,
          0,
          0,
          0,
          0,
          0,
          0,
          0
        ],
        "branches": {
        }
      },
      "/home/runner/work/Team3_SELT2020/Team3_SELT2020/app/controllers/users_controller.rb": {
        "lines": [
          0,
          0,
          0,
          0,
          null,
          0,
          0,
          0,
          0,
          0,
          0,
          0,
          0,
          0,
          0,
          0,
          null,
          0
        ],
        "branches": {
        }
      },
      "/home/runner/work/Team3_SELT2020/Team3_SELT2020/app/controllers/application_controller.rb": {
        "lines": [
          0,
          null,
          null,
          0,
          null,
          0,
          null,
          0,
          0,
          0,
          0,
          0,
          null,
          0,
          0,
          0,
          0
        ],
        "branches": {
        }
      },
      "/home/runner/work/Team3_SELT2020/Team3_SELT2020/app/controllers/rooms_controller.rb": {
        "lines": [
          0,
          0,
          0,
          0,
          null,
          0,
          0,
          0,
          0,
          0,
          null,
          0,
          0,
          0,
          0,
          0,
          0,
          0,
          0,
          0,
          0,
          0,
          0,
          0,
          0,
          0,
          0,
          0,
          0,
          0,
          0,
          0,
          0,
          0,
          0,
          0,
          0,
          0,
          0,
          0,
          0,
          0,
          0,
          0,
          0,
          0,
          0,
          0,
          0,
          0,
          0,
          0,
          0,
          0,
          0,
          0,
          0,
          0,
          0,
          0,
          0,
          0,
          0,
          0,
          0,
          0,
          0,
          0,
          0,
          0,
          0,
          null,
          0,
          null,
          null,
          0,
          0,
          0,
          0,
          null,
          0,
          0,
          0,
          0,
          0,
          0,
          0,
          0,
          0,
          0,
          0,
          0,
          null,
          0,
          0,
          0,
          0,
          0,
          null,
          0,
          0,
          0,
          null,
          0,
          0,
          null,
          0,
          0,
          0,
          0,
          0,
          0,
          0,
          0,
          0,
          0,
          0,
          0,
          0,
          0,
          0,
          0,
          0,
          0,
          0,
          0,
          0,
          0,
          0,
          0,
          null,
          0,
          0,
          0,
          0,
          0,
          0,
          0,
          0,
          0,
          0,
          0,
          0,
          0,
          0,
          null,
          0,
          null,
          0,
          0,
          0,
          0,
          0,
          0,
          0,
          0,
          0,
          0,
          0,
          null,
          0,
          0,
          0,
          0,
          0,
          0,
          0,
          0,
          0,
          0,
          0,
          0,
          0,
          0,
          0,
          0,
          0,
          0,
          0,
          0,
          0,
          0,
          0,
          0,
          0,
          0,
          0,
          0,
          0,
          0,
          0
        ],
        "branches": {
        }
      },
      "/home/runner/work/Team3_SELT2020/Team3_SELT2020/app/controllers/piles_controller.rb": {
        "lines": [
          0,
          0,
          0,
          null,
          0,
          0,
          0,
          null,
          0,
          0,
          0,
          null,
          0,
          0,
          0,
          null,
          0,
          0,
          null,
          0,
          null,
          0,
          0,
          null,
          null,
          0,
          0,
          0,
          0,
          null,
          null,
          0,
          null,
          0,
          0,
          0,
          0,
          null,
          0,
          0,
          0,
          0,
          0,
          0,
          0,
          0,
          0,
          0,
          0,
          0,
          0,
          0,
          0,
          0,
          0,
          0,
          null,
          null,
          0,
          null,
          0,
          null,
          0,
          0,
          0,
          0,
          0,
          0,
          0,
          0,
          0,
          0,
          0,
          0,
          null,
          0,
          0,
          0,
          0,
          null,
          0,
          0,
          0,
          0,
          0,
          null,
          0,
          0,
          0,
          0,
          0,
          0,
          0,
          0,
          0,
          0,
          0,
          0,
          null,
          0
        ],
        "branches": {
        }
      },
      "/home/runner/work/Team3_SELT2020/Team3_SELT2020/app/controllers/user_sessions_controller.rb": {
        "lines": [
          0,
          0,
          0,
          0,
          null,
          0,
          0,
          0,
          null,
          0,
          0,
          0,
          null,
          0,
          0,
          null,
          null,
          0,
          0,
          0,
          0,
          0,
          0,
          0,
          0,
          0,
          0,
          null,
          0,
          0,
          null,
          0,
          0,
          0
        ],
        "branches": {
        }
      },
      "/home/runner/work/Team3_SELT2020/Team3_SELT2020/app/helpers/user_sessions_helper.rb": {
        "lines": [
          0,
          0
        ],
        "branches": {
        }
      },
      "/home/runner/work/Team3_SELT2020/Team3_SELT2020/app/helpers/rooms_helper.rb": {
        "lines": [
          0,
          0
        ],
        "branches": {
        }
      },
      "/home/runner/work/Team3_SELT2020/Team3_SELT2020/app/helpers/application_helper.rb": {
        "lines": [
          0,
          0
        ],
        "branches": {
        }
      },
      "/home/runner/work/Team3_SELT2020/Team3_SELT2020/app/helpers/users_helper.rb": {
        "lines": [
          0,
          0
        ],
        "branches": {
        }
      },
      "/home/runner/work/Team3_SELT2020/Team3_SELT2020/app/mailers/application_mailer.rb": {
        "lines": [
          0,
          0,
          0,
          0
        ],
        "branches": {
        }
      }
    },
    "timestamp": 1607836512
  }
}
